<?xml version="1.0" encoding="UTF-8"?>
<!-- Generated by org.testng.reporters.JUnitXMLReporter -->
<testsuite hostname="DESKTOP-DDKMTI5" ignored="0" name="Test" tests="4" failures="1" timestamp="01 Jul 2022 10:27:12 GMT" time="3.322" errors="0">
  <testcase name="failtest" time="0.022" classname="com.tests.Logintest">
    <failure type="java.lang.AssertionError" message="expected [true] but found [false]">
      <![CDATA[java.lang.AssertionError: expected [true] but found [false]
at com.tests.Logintest.failtest(Logintest.java:42)
... Removed 29 stack frames]]>
    </failure>
  </testcase> <!-- failtest -->
  <testcase name="passtest" time="2.483" classname="com.tests.Logintest"/>
  <testcase name="skiptest" time="0.003" classname="com.tests.Logintest">
    <skipped/>
  </testcase> <!-- skiptest -->
  <testcase name="dashboardtest" time="0.254" classname="com.tests.Logintest"/>
</testsuite> <!-- Test -->
